<?xml version="1.0" encoding="UTF-8"?>
<!-- Generated by org.testng.reporters.JUnitReportReporter -->
<testsuite hostname="DESKTOP-TRI96P4" name="packageOne.ClassThree" tests="1" failures="0" timestamp="26 Feb 2021 07:23:29 GMT" time="51.238" errors="1">
  <testcase name="testThree" time="51.238" classname="packageOne.ClassThree">
    <error type="org.openqa.selenium.WebDriverException" message="Failed to connect to binary FirefoxBinary(C:\Program Files\Mozilla Firefox\firefox.exe) on port 7055; process output follows: 
Crash Annotation GraphicsCriticalError: |[G0][GFX1-]: RcANGLE(no compositor window) (t=5.32389) [GFX1-]: RcANGLE(no compositor window)
Crash Annotation GraphicsCriticalError: |[0][GFX1-]: Failed to connect WebRenderBridgeChild. (t=12.574) [GFX1-]: Failed to connect WebRenderBridgeChild.
Crash Annotation GraphicsCriticalError: |[G0][GFX1-]: RcANGLE(no compositor window) (t=5.32389) |[G1][GFX1-]: [D3D11] create swap chain failed: 0x887a0022, 0 (t=5.63389) [GFX1-]: [D3D11] create swap chain failed: 0x887a0022, 0
Crash Annotation GraphicsCriticalError: |[G0][GFX1-]: RcANGLE(no compositor window) (t=5.32389) |[G1][GFX1-]: [D3D11] create swap chain failed: 0x887a0022, 0 (t=5.63389) |[G2][GFX1-]: [D3D11] Failed to init compositor with reason: FEATURE_FAILURE_D3D11_SWAP_CHAIN (t=5.63389) [GFX1-]: [D3D11] Failed to init compositor with reason: FEATURE_FAILURE_D3D11_SWAP_CHAIN
Crash Annotation GraphicsCriticalError: |[G0][GFX1-]: RcANGLE(no compositor window) (t=5.32389) |[G1][GFX1-]: [D3D11] create swap chain failed: 0x887a0022, 0 (t=5.63389) |[G2][GFX1-]: [D3D11] Failed to init compositor with reason: FEATURE_FAILURE_D3D11_SWAP_CHAIN (t=5.63389) |[G3][GFX1-]: [D3D11] create swap chain failed: 0x887a0022, 0 (t=9.69389) [GFX1-]: [D3D11] create swap chain failed: 0x887a0022, 0
Crash Annotation GraphicsCriticalError: |[G0][GFX1-]: RcANGLE(no compositor window) (t=5.32389) |[G1][GFX1-]: [D3D11] create swap chain failed: 0x887a0022, 0 (t=5.63389) |[G2][GFX1-]: [D3D11] Failed to init compositor with reason: FEATURE_FAILURE_D3D11_SWAP_CHAIN (t=5.63389) |[G3][GFX1-]: [D3D11] create swap chain failed: 0x887a0022, 0 (t=9.69389) |[G4][GFX1-]: [D3D11] Failed to init compositor with reason: FEATURE_FAILURE_D3D11_SWAP_CHAIN (t=9.69389) [GFX1-]: [D3D11] Failed to init compositor with reason: FEATURE_FAILURE_D3D11_SWAP_CHAIN
JavaScript error: resource://gre/modules/XULStore.jsm, line 66: Error: Can&#039;t find profile directory.
Crash Annotation GraphicsCriticalError: |[G0][GFX1-]: RcANGLE(no compositor window) (t=5.32389) |[G1][GFX1-]: [D3D11] create swap chain failed: 0x887a0022, 0 (t=5.63389) |[G2][GFX1-]: [D3D11] Failed to init compositor with reason: FEATURE_FAILURE_D3D11_SWAP_CHAIN (t=5.63389) |[G3][GFX1-]: [D3D11] create swap chain failed: 0x887a0022, 0 (t=9.69389) |[G4][GFX1-]: [D3D11] Failed to init compositor with reason: FEATURE_FAILURE_D3D11_SWAP_CHAIN (t=9.69389) |[G5][GFX1-]: [D3D11] create swap chain failed: 0x887a0022, 0 (t=22.8239) [GFX1-]: [D3D11] create swap chain failed: 0x887a0022, 0
Crash Annotation GraphicsCriticalError: |[G0][GFX1-]: RcANGLE(no compositor window) (t=5.32389) |[G1][GFX1-]: [D3D11] create swap chain failed: 0x887a0022, 0 (t=5.63389) |[G2][GFX1-]: [D3D11] Failed to init compositor with reason: FEATURE_FAILURE_D3D11_SWAP_CHAIN (t=5.63389) |[G3][GFX1-]: [D3D11] create swap chain failed: 0x887a0022, 0 (t=9.69389) |[G4][GFX1-]: [D3D11] Failed to init compositor with reason: FEATURE_FAILURE_D3D11_SWAP_CHAIN (t=9.69389) |[G5][GFX1-]: [D3D11] create swap chain failed: 0x887a0022, 0 (t=22.8239) |[G6][GFX1-]: [D3D11] Failed to init compositor with reason: FEATURE_FAILURE_D3D11_SWAP_CHAIN (t=22.8239) [GFX1-]: [D3D11] Failed to init compositor with reason: FEATURE_FAILURE_D3D11_SWAP_CHAIN

Build info: version: &#039;2.53.1&#039;, revision: &#039;a36b8b1&#039;, time: &#039;2016-06-30 17:32:46&#039;
System info: host: &#039;DESKTOP-TRI96P4&#039;, ip: &#039;192.168.0.107&#039;, os.name: &#039;Windows 10&#039;, os.arch: &#039;amd64&#039;, os.version: &#039;10.0&#039;, java.version: &#039;1.8.0_181&#039;
Driver info: driver.version: FirefoxDriver">
      <![CDATA[org.openqa.selenium.WebDriverException: Failed to connect to binary FirefoxBinary(C:\Program Files\Mozilla Firefox\firefox.exe) on port 7055; process output follows: 
Crash Annotation GraphicsCriticalError: |[G0][GFX1-]: RcANGLE(no compositor window) (t=5.32389) [GFX1-]: RcANGLE(no compositor window)
Crash Annotation GraphicsCriticalError: |[0][GFX1-]: Failed to connect WebRenderBridgeChild. (t=12.574) [GFX1-]: Failed to connect WebRenderBridgeChild.
Crash Annotation GraphicsCriticalError: |[G0][GFX1-]: RcANGLE(no compositor window) (t=5.32389) |[G1][GFX1-]: [D3D11] create swap chain failed: 0x887a0022, 0 (t=5.63389) [GFX1-]: [D3D11] create swap chain failed: 0x887a0022, 0
Crash Annotation GraphicsCriticalError: |[G0][GFX1-]: RcANGLE(no compositor window) (t=5.32389) |[G1][GFX1-]: [D3D11] create swap chain failed: 0x887a0022, 0 (t=5.63389) |[G2][GFX1-]: [D3D11] Failed to init compositor with reason: FEATURE_FAILURE_D3D11_SWAP_CHAIN (t=5.63389) [GFX1-]: [D3D11] Failed to init compositor with reason: FEATURE_FAILURE_D3D11_SWAP_CHAIN
Crash Annotation GraphicsCriticalError: |[G0][GFX1-]: RcANGLE(no compositor window) (t=5.32389) |[G1][GFX1-]: [D3D11] create swap chain failed: 0x887a0022, 0 (t=5.63389) |[G2][GFX1-]: [D3D11] Failed to init compositor with reason: FEATURE_FAILURE_D3D11_SWAP_CHAIN (t=5.63389) |[G3][GFX1-]: [D3D11] create swap chain failed: 0x887a0022, 0 (t=9.69389) [GFX1-]: [D3D11] create swap chain failed: 0x887a0022, 0
Crash Annotation GraphicsCriticalError: |[G0][GFX1-]: RcANGLE(no compositor window) (t=5.32389) |[G1][GFX1-]: [D3D11] create swap chain failed: 0x887a0022, 0 (t=5.63389) |[G2][GFX1-]: [D3D11] Failed to init compositor with reason: FEATURE_FAILURE_D3D11_SWAP_CHAIN (t=5.63389) |[G3][GFX1-]: [D3D11] create swap chain failed: 0x887a0022, 0 (t=9.69389) |[G4][GFX1-]: [D3D11] Failed to init compositor with reason: FEATURE_FAILURE_D3D11_SWAP_CHAIN (t=9.69389) [GFX1-]: [D3D11] Failed to init compositor with reason: FEATURE_FAILURE_D3D11_SWAP_CHAIN
JavaScript error: resource://gre/modules/XULStore.jsm, line 66: Error: Can't find profile directory.
Crash Annotation GraphicsCriticalError: |[G0][GFX1-]: RcANGLE(no compositor window) (t=5.32389) |[G1][GFX1-]: [D3D11] create swap chain failed: 0x887a0022, 0 (t=5.63389) |[G2][GFX1-]: [D3D11] Failed to init compositor with reason: FEATURE_FAILURE_D3D11_SWAP_CHAIN (t=5.63389) |[G3][GFX1-]: [D3D11] create swap chain failed: 0x887a0022, 0 (t=9.69389) |[G4][GFX1-]: [D3D11] Failed to init compositor with reason: FEATURE_FAILURE_D3D11_SWAP_CHAIN (t=9.69389) |[G5][GFX1-]: [D3D11] create swap chain failed: 0x887a0022, 0 (t=22.8239) [GFX1-]: [D3D11] create swap chain failed: 0x887a0022, 0
Crash Annotation GraphicsCriticalError: |[G0][GFX1-]: RcANGLE(no compositor window) (t=5.32389) |[G1][GFX1-]: [D3D11] create swap chain failed: 0x887a0022, 0 (t=5.63389) |[G2][GFX1-]: [D3D11] Failed to init compositor with reason: FEATURE_FAILURE_D3D11_SWAP_CHAIN (t=5.63389) |[G3][GFX1-]: [D3D11] create swap chain failed: 0x887a0022, 0 (t=9.69389) |[G4][GFX1-]: [D3D11] Failed to init compositor with reason: FEATURE_FAILURE_D3D11_SWAP_CHAIN (t=9.69389) |[G5][GFX1-]: [D3D11] create swap chain failed: 0x887a0022, 0 (t=22.8239) |[G6][GFX1-]: [D3D11] Failed to init compositor with reason: FEATURE_FAILURE_D3D11_SWAP_CHAIN (t=22.8239) [GFX1-]: [D3D11] Failed to init compositor with reason: FEATURE_FAILURE_D3D11_SWAP_CHAIN

Build info: version: '2.53.1', revision: 'a36b8b1', time: '2016-06-30 17:32:46'
System info: host: 'DESKTOP-TRI96P4', ip: '192.168.0.107', os.name: 'Windows 10', os.arch: 'amd64', os.version: '10.0', java.version: '1.8.0_181'
Driver info: driver.version: FirefoxDriver
	at org.openqa.selenium.firefox.internal.NewProfileExtensionConnection.start(NewProfileExtensionConnection.java:124)
	at org.openqa.selenium.firefox.FirefoxDriver.startClient(FirefoxDriver.java:271)
	at org.openqa.selenium.remote.RemoteWebDriver.<init>(RemoteWebDriver.java:119)
	at org.openqa.selenium.firefox.FirefoxDriver.<init>(FirefoxDriver.java:218)
	at org.openqa.selenium.firefox.FirefoxDriver.<init>(FirefoxDriver.java:211)
	at org.openqa.selenium.firefox.FirefoxDriver.<init>(FirefoxDriver.java:207)
	at org.openqa.selenium.firefox.FirefoxDriver.<init>(FirefoxDriver.java:120)
	at packageOne.ClassThree.testThree(Unknown Source)
	at sun.reflect.NativeMethodAccessorImpl.invoke0(Native Method)
	at sun.reflect.NativeMethodAccessorImpl.invoke(NativeMethodAccessorImpl.java:62)
	at sun.reflect.DelegatingMethodAccessorImpl.invoke(DelegatingMethodAccessorImpl.java:43)
	at java.lang.reflect.Method.invoke(Method.java:498)
	at org.testng.internal.MethodInvocationHelper.invokeMethod(MethodInvocationHelper.java:85)
	at org.testng.internal.Invoker.invokeMethod(Invoker.java:639)
	at org.testng.internal.Invoker.invokeTestMethod(Invoker.java:816)
	at org.testng.internal.Invoker.invokeTestMethods(Invoker.java:1124)
	at org.testng.internal.TestMethodWorker.invokeTestMethods(TestMethodWorker.java:125)
	at org.testng.internal.TestMethodWorker.run(TestMethodWorker.java:108)
	at org.testng.TestRunner.privateRun(TestRunner.java:774)
	at org.testng.TestRunner.run(TestRunner.java:624)
	at org.testng.SuiteRunner.runTest(SuiteRunner.java:359)
	at org.testng.SuiteRunner.runSequentially(SuiteRunner.java:354)
	at org.testng.SuiteRunner.privateRun(SuiteRunner.java:312)
	at org.testng.SuiteRunner.run(SuiteRunner.java:261)
	at org.testng.SuiteRunnerWorker.runSuite(SuiteRunnerWorker.java:52)
	at org.testng.SuiteRunnerWorker.run(SuiteRunnerWorker.java:86)
	at org.testng.TestNG.runSuitesSequentially(TestNG.java:1215)
	at org.testng.TestNG.runSuitesLocally(TestNG.java:1140)
	at org.testng.TestNG.run(TestNG.java:1048)
	at org.testng.TestNG.privateMain(TestNG.java:1355)
	at org.testng.TestNG.main(TestNG.java:1324)
Caused by: org.openqa.selenium.firefox.NotConnectedException: Unable to connect to host 127.0.0.1 on port 7055 after 45000 ms. Firefox console output:
Crash Annotation GraphicsCriticalError: |[G0][GFX1-]: RcANGLE(no compositor window) (t=5.32389) [GFX1-]: RcANGLE(no compositor window)
Crash Annotation GraphicsCriticalError: |[0][GFX1-]: Failed to connect WebRenderBridgeChild. (t=12.574) [GFX1-]: Failed to connect WebRenderBridgeChild.
Crash Annotation GraphicsCriticalError: |[G0][GFX1-]: RcANGLE(no compositor window) (t=5.32389) |[G1][GFX1-]: [D3D11] create swap chain failed: 0x887a0022, 0 (t=5.63389) [GFX1-]: [D3D11] create swap chain failed: 0x887a0022, 0
Crash Annotation GraphicsCriticalError: |[G0][GFX1-]: RcANGLE(no compositor window) (t=5.32389) |[G1][GFX1-]: [D3D11] create swap chain failed: 0x887a0022, 0 (t=5.63389) |[G2][GFX1-]: [D3D11] Failed to init compositor with reason: FEATURE_FAILURE_D3D11_SWAP_CHAIN (t=5.63389) [GFX1-]: [D3D11] Failed to init compositor with reason: FEATURE_FAILURE_D3D11_SWAP_CHAIN
Crash Annotation GraphicsCriticalError: |[G0][GFX1-]: RcANGLE(no compositor window) (t=5.32389) |[G1][GFX1-]: [D3D11] create swap chain failed: 0x887a0022, 0 (t=5.63389) |[G2][GFX1-]: [D3D11] Failed to init compositor with reason: FEATURE_FAILURE_D3D11_SWAP_CHAIN (t=5.63389) |[G3][GFX1-]: [D3D11] create swap chain failed: 0x887a0022, 0 (t=9.69389) [GFX1-]: [D3D11] create swap chain failed: 0x887a0022, 0
Crash Annotation GraphicsCriticalError: |[G0][GFX1-]: RcANGLE(no compositor window) (t=5.32389) |[G1][GFX1-]: [D3D11] create swap chain failed: 0x887a0022, 0 (t=5.63389) |[G2][GFX1-]: [D3D11] Failed to init compositor with reason: FEATURE_FAILURE_D3D11_SWAP_CHAIN (t=5.63389) |[G3][GFX1-]: [D3D11] create swap chain failed: 0x887a0022, 0 (t=9.69389) |[G4][GFX1-]: [D3D11] Failed to init compositor with reason: FEATURE_FAILURE_D3D11_SWAP_CHAIN (t=9.69389) [GFX1-]: [D3D11] Failed to init compositor with reason: FEATURE_FAILURE_D3D11_SWAP_CHAIN
JavaScript error: resource://gre/modules/XULStore.jsm, line 66: Error: Can't find profile directory.
Crash Annotation GraphicsCriticalError: |[G0][GFX1-]: RcANGLE(no compositor window) (t=5.32389) |[G1][GFX1-]: [D3D11] create swap chain failed: 0x887a0022, 0 (t=5.63389) |[G2][GFX1-]: [D3D11] Failed to init compositor with reason: FEATURE_FAILURE_D3D11_SWAP_CHAIN (t=5.63389) |[G3][GFX1-]: [D3D11] create swap chain failed: 0x887a0022, 0 (t=9.69389) |[G4][GFX1-]: [D3D11] Failed to init compositor with reason: FEATURE_FAILURE_D3D11_SWAP_CHAIN (t=9.69389) |[G5][GFX1-]: [D3D11] create swap chain failed: 0x887a0022, 0 (t=22.8239) [GFX1-]: [D3D11] create swap chain failed: 0x887a0022, 0
Crash Annotation GraphicsCriticalError: |[G0][GFX1-]: RcANGLE(no compositor window) (t=5.32389) |[G1][GFX1-]: [D3D11] create swap chain failed: 0x887a0022, 0 (t=5.63389) |[G2][GFX1-]: [D3D11] Failed to init compositor with reason: FEATURE_FAILURE_D3D11_SWAP_CHAIN (t=5.63389) |[G3][GFX1-]: [D3D11] create swap chain failed: 0x887a0022, 0 (t=9.69389) |[G4][GFX1-]: [D3D11] Failed to init compositor with reason: FEATURE_FAILURE_D3D11_SWAP_CHAIN (t=9.69389) |[G5][GFX1-]: [D3D11] create swap chain failed: 0x887a0022, 0 (t=22.8239) |[G6][GFX1-]: [D3D11] Failed to init compositor with reason: FEATURE_FAILURE_D3D11_SWAP_CHAIN (t=22.8239) [GFX1-]: [D3D11] Failed to init compositor with reason: FEATURE_FAILURE_D3D11_SWAP_CHAIN

	at org.openqa.selenium.firefox.internal.NewProfileExtensionConnection.start(NewProfileExtensionConnection.java:112)
	... 30 more
]]>
    </error>
  </testcase> <!-- testThree -->
</testsuite> <!-- packageOne.ClassThree -->
